setup.sh:: EXECUTING: . ./env/setEnv.sh 
setup.sh: EXECUTING: . ./installs/setRecovery.sh
./installs/setRecovery.sh: line 1: SET: command not found
Setup.sh: EXECUTING: cp /tmp/scripts/apps/CLOUD_INITIALISER/installs/reinstall.sh /tmp/scripts/apps/CLOUD_INITIALISER-RECOVERY.sh
cp: cannot stat ‘/tmp/scripts/apps/CLOUD_INITIALISER/installs/reinstall.sh’: No such file or directory
setup.sh: EXECUTING: ./installs/appServicesBootStrap.sh
Loaded plugins: priorities, update-motd, upgrade-helper
No packages marked for update
Loaded plugins: priorities, update-motd, upgrade-helper
Package git-2.14.5-1.60.amzn1.x86_64 already installed and latest version
Nothing to do
Executing git clone -git@github.com:RMelanson/linux-scripts-app-services.git /tmp/scripts/utils/APP_SERVICES
error: unknown switch `g'
usage: git clone [<options>] [--] <repo> [<dir>]

    -v, --verbose         be more verbose
    -q, --quiet           be more quiet
    --progress            force progress reporting
    -n, --no-checkout     don't create a checkout
    --bare                create a bare repository
    --mirror              create a mirror repository (implies bare)
    -l, --local           to clone from a local repository
    --no-hardlinks        don't use local hardlinks, always copy
    -s, --shared          setup as shared repository
    --recurse-submodules[=<pathspec>]
                          initialize submodules in the clone
    -j, --jobs <n>        number of submodules cloned in parallel
    --template <template-directory>
                          directory from which templates will be used
    --reference <repo>    reference repository
    --reference-if-able <repo>
                          reference repository
    --dissociate          use --reference only while cloning
    -o, --origin <name>   use <name> instead of 'origin' to track upstream
    -b, --branch <branch>
                          checkout <branch> instead of the remote's HEAD
    -u, --upload-pack <path>
                          path to git-upload-pack on the remote
    --depth <depth>       create a shallow clone of that depth
    --shallow-since <time>
                          create a shallow clone since a specific time
    --shallow-exclude <revision>
                          deepen history of shallow clone, excluding rev
    --single-branch       clone only one branch, HEAD or --branch
    --no-tags             don't clone any tags, and make later fetches not to follow them
    --shallow-submodules  any cloned submodules will be shallow
    --separate-git-dir <gitdir>
                          separate git dir from working tree
    -c, --config <key=value>
                          set config inside the new repository
    -4, --ipv4            use IPv4 addresses only
    -6, --ipv6            use IPv6 addresses only

setup.sh:: EXECUTING: . ./env/setEnv.sh 
setup.sh:: EXECUTING: . ./installs/installJava8.sh
Installing Java 1.8
installJava8.sh: EXECUTING yum install java-1.8.0-openjdk-devel -y
Loaded plugins: priorities, update-motd, upgrade-helper
Package 1:java-1.8.0-openjdk-devel-1.8.0.201.b09-0.43.amzn1.x86_64 already installed and latest version
Nothing to do
installJava8.sh: EXECUTING echo 2 \| /usr/sbin/alternatives --config java

There are 2 programs which provide 'java'.

  Selection    Command
-----------------------------------------------
*  1           /usr/lib/jvm/jre-1.7.0-openjdk.x86_64/bin/java
 + 2           /usr/lib/jvm/jre-1.8.0-openjdk.x86_64/bin/java

Enter to keep the current selection[+], or type selection number: installJava8.sh: EXECUTING echo 2 \| /usr/sbin/alternatives --config javac

error reading choice

There is 1 program that provides 'javac'.

  Selection    Command
-----------------------------------------------
*+ 1           /usr/lib/jvm/java-1.8.0-openjdk.x86_64/bin/javac

Enter to keep the current selection[+], or type selection number: 
There is 1 program that provides 'javac'.

  Selection    Command
-----------------------------------------------
*  1           /usr/lib/jvm/java-1.8.0-openjdk.x86_64/bin/javac

Enter to keep the current selection[+], or type selection number: installJava8.sh: EXECUTING export JAVA_HOME=/usr/lib/jvm/java-1.8.0 >> /etc/profile.d/java.sh
Java 1.8 Installed
setup.sh: EXECUTING: . ./installs/addAppServices.sh
Setup.sh: EXECUTING: cp /tmp/scripts/utils/APP_SERVICES/installs/reinstall.sh /tmp/scripts/utils/APP_SERVICES-RECOVERY.sh
setup.sh: EXECUTING: . ./installs/addAppServices.sh
setup.sh:: EXECUTING ./env/setEnv.sh
addAppServices.sh Set apps as an init.d service
addAppServices.sh EXECUTING: cp ./installs/apps.d /opt/CI/apps
addAppServices.sh EXECUTING: ln -s /opt/CI/apps /sbin/apps
ln: failed to create symbolic link ‘/sbin/apps’: File exists
addAppServices.sh EXECUTING: chmod 766 /opt/CI/apps
addAppServices.sh EXECUTING: cp -rf /tmp/scripts/utils/APP_SERVICES/installs/servicesDir /opt/CI/services
addAppServices.sh EXECUTING: mkdir /opt/CI/services/ids
mkdir: cannot create directory ‘/opt/CI/services/ids’: File exists
addAppServices.sh EXECUTING: mkdir /opt/CI/services/test/scripts
addAppServices.sh EXECUTING: chmod -R 744 /opt/CI/services
addAppServices.sh EXECUTING: chkconfig apps on
error reading information on service apps: No such file or directory
setup.sh: EXECUTING: . ./installs/addCloudInitialiserService.sh
setup.sh:: EXECUTING ./env/setEnv.sh
addAppServices.sh EXECUTING: cp -rf /tmp/scripts/apps/CLOUD_INITIALISER/installs/services /opt/CI
setup.sh: EXECUTING: . ./installs/startCloudInitialiserService.sh
EXECUTING startCloudInitialiserService.sh: apps start java -Dserver.port=9090 -jar /opt/CI/services/jobs/apps/jars/cloud-initialiser-1.3.5.RELEASE.war
20:47:08><======== Executing service apps start java -Dserver.port=9090 -jar /opt/CI/services/jobs/apps/jars/cloud-initialiser-1.3.5.RELEASE.war ========>
20:47:08>Starting Services
20:47:08>start(java) EXECUTING: echo java -Dserver.port=9090 -jar /opt/CI/services/jobs/apps/jars/cloud-initialiser-1.3.5.RELEASE.war &

  .   ____          _            __ _ _
 /\\ / ___'_ __ _ _(_)_ __  __ _ \ \ \ \
( ( )\___ | '_ | '_| | '_ \/ _` | \ \ \ \
 \\/  ___)| |_)| | | | | || (_| |  ) ) ) )
  '  |____| .__|_| |_|_| |_\__, | / / / /
 =========|_|==============|___/=/_/_/_/
 :: Spring Boot ::        (v1.3.5.RELEASE)

2019-07-02 20:47:10.573  INFO 24871 --- [           main] s.ci.applications.WebApplication         : Starting WebApplication on ip-172-31-0-183 with PID 24871 (started by root in /tmp/scripts/apps/CLOUD_INITIALISER)
2019-07-02 20:47:10.583  INFO 24871 --- [           main] s.ci.applications.WebApplication         : No active profile set, falling back to default profiles: default
2019-07-02 20:47:10.762  INFO 24871 --- [           main] ationConfigEmbeddedWebApplicationContext : Refreshing org.springframework.boot.context.embedded.AnnotationConfigEmbeddedWebApplicationContext@561fbf63: startup date [Tue Jul 02 20:47:10 UTC 2019]; root of context hierarchy
2019-07-02 20:47:14.120  INFO 24871 --- [           main] s.b.c.e.t.TomcatEmbeddedServletContainer : Tomcat initialized with port(s): 9090 (http)
2019-07-02 20:47:14.160  INFO 24871 --- [           main] o.apache.catalina.core.StandardService   : Starting service Tomcat
2019-07-02 20:47:14.161  INFO 24871 --- [           main] org.apache.catalina.core.StandardEngine  : Starting Servlet Engine: Apache Tomcat/8.0.33
2019-07-02 20:47:15.947  INFO 24871 --- [ost-startStop-1] org.apache.jasper.servlet.TldScanner     : At least one JAR was scanned for TLDs yet contained no TLDs. Enable debug logging for this logger for a complete list of JARs that were scanned but no TLDs were found in them. Skipping unneeded JARs during scanning can improve startup time and JSP compilation time.
2019-07-02 20:47:16.126  INFO 24871 --- [ost-startStop-1] o.a.c.c.C.[Tomcat].[localhost].[/]       : Initializing Spring embedded WebApplicationContext
2019-07-02 20:47:16.126  INFO 24871 --- [ost-startStop-1] o.s.web.context.ContextLoader            : Root WebApplicationContext: initialization completed in 5375 ms
2019-07-02 20:47:16.860  INFO 24871 --- [ost-startStop-1] o.s.b.c.e.ServletRegistrationBean        : Mapping servlet: 'dispatcherServlet' to [/]
2019-07-02 20:47:16.871  INFO 24871 --- [ost-startStop-1] o.s.b.c.embedded.FilterRegistrationBean  : Mapping filter: 'characterEncodingFilter' to: [/*]
2019-07-02 20:47:16.871  INFO 24871 --- [ost-startStop-1] o.s.b.c.embedded.FilterRegistrationBean  : Mapping filter: 'hiddenHttpMethodFilter' to: [/*]
2019-07-02 20:47:16.871  INFO 24871 --- [ost-startStop-1] o.s.b.c.embedded.FilterRegistrationBean  : Mapping filter: 'httpPutFormContentFilter' to: [/*]
2019-07-02 20:47:16.872  INFO 24871 --- [ost-startStop-1] o.s.b.c.embedded.FilterRegistrationBean  : Mapping filter: 'requestContextFilter' to: [/*]
2019-07-02 20:47:17.509  INFO 24871 --- [           main] s.w.s.m.m.a.RequestMappingHandlerAdapter : Looking for @ControllerAdvice: org.springframework.boot.context.embedded.AnnotationConfigEmbeddedWebApplicationContext@561fbf63: startup date [Tue Jul 02 20:47:10 UTC 2019]; root of context hierarchy
2019-07-02 20:47:17.646  INFO 24871 --- [           main] s.w.s.m.m.a.RequestMappingHandlerMapping : Mapped "{[/error],produces=[text/html]}" onto public org.springframework.web.servlet.ModelAndView org.springframework.boot.autoconfigure.web.BasicErrorController.errorHtml(javax.servlet.http.HttpServletRequest,javax.servlet.http.HttpServletResponse)
2019-07-02 20:47:17.654  INFO 24871 --- [           main] s.w.s.m.m.a.RequestMappingHandlerMapping : Mapped "{[/error]}" onto public org.springframework.http.ResponseEntity<java.util.Map<java.lang.String, java.lang.Object>> org.springframework.boot.autoconfigure.web.BasicErrorController.error(javax.servlet.http.HttpServletRequest)
2019-07-02 20:47:17.661  INFO 24871 --- [           main] o.s.w.s.c.a.WebMvcConfigurerAdapter      : Adding welcome page: ServletContext resource [/index.html]
2019-07-02 20:47:17.689  INFO 24871 --- [           main] o.s.w.s.handler.SimpleUrlHandlerMapping  : Root mapping to handler of type [class org.springframework.web.servlet.mvc.ParameterizableViewController]
2019-07-02 20:47:17.726  INFO 24871 --- [           main] o.s.w.s.handler.SimpleUrlHandlerMapping  : Mapped URL path [/webjars/**] onto handler of type [class org.springframework.web.servlet.resource.ResourceHttpRequestHandler]
2019-07-02 20:47:17.726  INFO 24871 --- [           main] o.s.w.s.handler.SimpleUrlHandlerMapping  : Mapped URL path [/**] onto handler of type [class org.springframework.web.servlet.resource.ResourceHttpRequestHandler]
2019-07-02 20:47:17.827  INFO 24871 --- [           main] o.s.w.s.handler.SimpleUrlHandlerMapping  : Mapped URL path [/**/favicon.ico] onto handler of type [class org.springframework.web.servlet.resource.ResourceHttpRequestHandler]
2019-07-02 20:47:18.049  INFO 24871 --- [           main] o.s.j.e.a.AnnotationMBeanExporter        : Registering beans for JMX exposure on startup
2019-07-02 20:47:18.206  INFO 24871 --- [           main] s.b.c.e.t.TomcatEmbeddedServletContainer : Tomcat started on port(s): 9090 (http)
2019-07-02 20:47:18.215  INFO 24871 --- [           main] s.ci.applications.WebApplication         : Started WebApplication in 8.473 seconds (JVM running for 9.328)
